<?xml version="1.0" encoding="UTF-8"?>
<testsuite xmlns:xsi="http://www.w3.org/2001/XMLSchema-instance" xsi:noNamespaceSchemaLocation="https://maven.apache.org/surefire/maven-surefire-plugin/xsd/surefire-test-report-3.0.xsd" version="3.0" name="com.ubedpathan.TodoApp.TodoAppApplicationTests" time="13.608" tests="1" errors="0" skipped="0" failures="0">
  <properties>
[...]
</properties>
  <testcase name="contextLoads" classname="com.ubedpathan.TodoApp.TodoAppApplicationTests" time="2.829">
    <system-out><![CDATA[18:18:19.899 [main] INFO org.springframework.test.context.support.AnnotationConfigContextLoaderUtils -- Could not detect default configuration classes for test class [com.ubedpathan.TodoApp.TodoAppApplicationTests]: TodoAppApplicationTests does not declare any static, non-private, non-final, nested classes annotated with @Configuration.
18:18:20.196 [main] INFO org.springframework.boot.test.context.SpringBootTestContextBootstrapper -- Found @SpringBootConfiguration com.ubedpathan.TodoApp.TodoAppApplication for test class com.ubedpathan.TodoApp.TodoAppApplicationTests

  .   ____          _            __ _ _
 /\\ / ___'_ __ _ _(_)_ __  __ _ \ \ \ \
( ( )\___ | '_ | '_| | '_ \/ _` | \ \ \ \
 \\/  ___)| |_)| | | | | || (_| |  ) ) ) )
  '  |____| .__|_| |_|_| |_\__, | / / / /
 =========|_|==============|___/=/_/_/_/
 :: Spring Boot ::               (v3.2.11)

2024-12-15T18:18:21.561+05:30  INFO 7296 --- [           main] c.u.TodoApp.TodoAppApplicationTests      : Starting TodoAppApplicationTests using Java 17.0.11 with PID 7296 (started by Ubed in D:\Spring data\Todo App\Todo Server)
2024-12-15T18:18:21.571+05:30  INFO 7296 --- [           main] c.u.TodoApp.TodoAppApplicationTests      : The following 1 profile is active: "prod"
2024-12-15T18:18:24.104+05:30  INFO 7296 --- [           main] .s.d.r.c.RepositoryConfigurationDelegate : Bootstrapping Spring Data MongoDB repositories in DEFAULT mode.
2024-12-15T18:18:24.331+05:30  INFO 7296 --- [           main] .s.d.r.c.RepositoryConfigurationDelegate : Finished Spring Data repository scanning in 212 ms. Found 3 MongoDB repository interfaces.
2024-12-15T18:18:26.118+05:30  INFO 7296 --- [           main] org.mongodb.driver.client                : MongoClient with metadata {"application": {"name": "Cluster0"}, "driver": {"name": "mongo-java-driver|sync|spring-boot", "version": "4.11.4"}, "os": {"type": "Windows", "name": "Windows 10", "architecture": "amd64", "version": "10.0"}, "platform": "Java/Oracle Corporation/17.0.11+7-LTS-207"} created with settings MongoClientSettings{readPreference=primary, writeConcern=WriteConcern{w=majority, wTimeout=null ms, journal=null}, retryWrites=true, retryReads=true, readConcern=ReadConcern{level=null}, credential=MongoCredential{mechanism=null, userName='Ubedpathan', source='admin', password=<hidden>, mechanismProperties=<hidden>}, transportSettings=null, streamFactoryFactory=null, commandListeners=[], codecRegistry=ProvidersCodecRegistry{codecProviders=[ValueCodecProvider{}, BsonValueCodecProvider{}, DBRefCodecProvider{}, DBObjectCodecProvider{}, DocumentCodecProvider{}, CollectionCodecProvider{}, IterableCodecProvider{}, MapCodecProvider{}, GeoJsonCodecProvider{}, GridFSFileCodecProvider{}, Jsr310CodecProvider{}, JsonObjectCodecProvider{}, BsonCodecProvider{}, EnumCodecProvider{}, com.mongodb.client.model.mql.ExpressionCodecProvider@30bf26df, com.mongodb.Jep395RecordCodecProvider@261bd7b, com.mongodb.KotlinCodecProvider@6f9e08d4]}, loggerSettings=LoggerSettings{maxDocumentLength=1000}, clusterSettings={hosts=[127.0.0.1:27017], srvHost=cluster0.vtt2z.mongodb.net, srvServiceName=mongodb, mode=MULTIPLE, requiredClusterType=REPLICA_SET, requiredReplicaSetName='atlas-6d14sr-shard-0', serverSelector='null', clusterListeners='[]', serverSelectionTimeout='30000 ms', localThreshold='15 ms'}, socketSettings=SocketSettings{connectTimeoutMS=10000, readTimeoutMS=0, receiveBufferSize=0, proxySettings=ProxySettings{host=null, port=null, username=null, password=null}}, heartbeatSocketSettings=SocketSettings{connectTimeoutMS=10000, readTimeoutMS=10000, receiveBufferSize=0, proxySettings=ProxySettings{host=null, port=null, username=null, password=null}}, connectionPoolSettings=ConnectionPoolSettings{maxSize=100, minSize=0, maxWaitTimeMS=120000, maxConnectionLifeTimeMS=0, maxConnectionIdleTimeMS=0, maintenanceInitialDelayMS=0, maintenanceFrequencyMS=60000, connectionPoolListeners=[], maxConnecting=2}, serverSettings=ServerSettings{heartbeatFrequencyMS=10000, minHeartbeatFrequencyMS=500, serverListeners='[]', serverMonitorListeners='[]'}, sslSettings=SslSettings{enabled=true, invalidHostNameAllowed=false, context=null}, applicationName='Cluster0', compressorList=[], uuidRepresentation=JAVA_LEGACY, serverApi=null, autoEncryptionSettings=null, dnsClient=null, inetAddressResolver=null, contextProvider=null}
2024-12-15T18:18:26.356+05:30  INFO 7296 --- [t2z.mongodb.net] org.mongodb.driver.cluster               : Adding discovered server cluster0-shard-00-00.vtt2z.mongodb.net:27017 to client view of cluster
2024-12-15T18:18:26.489+05:30  INFO 7296 --- [t2z.mongodb.net] org.mongodb.driver.cluster               : Adding discovered server cluster0-shard-00-01.vtt2z.mongodb.net:27017 to client view of cluster
2024-12-15T18:18:26.506+05:30  INFO 7296 --- [t2z.mongodb.net] org.mongodb.driver.cluster               : Adding discovered server cluster0-shard-00-02.vtt2z.mongodb.net:27017 to client view of cluster
2024-12-15T18:18:28.674+05:30  INFO 7296 --- [ngodb.net:27017] org.mongodb.driver.cluster               : Monitor thread successfully connected to server with description ServerDescription{address=cluster0-shard-00-00.vtt2z.mongodb.net:27017, type=REPLICA_SET_SECONDARY, state=CONNECTED, ok=true, minWireVersion=0, maxWireVersion=25, maxDocumentSize=16777216, logicalSessionTimeoutMinutes=30, roundTripTimeNanos=1256441800, setName='atlas-6d14sr-shard-0', canonicalAddress=cluster0-shard-00-00.vtt2z.mongodb.net:27017, hosts=[cluster0-shard-00-02.vtt2z.mongodb.net:27017, cluster0-shard-00-01.vtt2z.mongodb.net:27017, cluster0-shard-00-00.vtt2z.mongodb.net:27017], passives=[], arbiters=[], primary='cluster0-shard-00-02.vtt2z.mongodb.net:27017', tagSet=TagSet{[Tag{name='availabilityZone', value='aps1-az1'}, Tag{name='diskState', value='READY'}, Tag{name='nodeType', value='ELECTABLE'}, Tag{name='provider', value='AWS'}, Tag{name='region', value='AP_SOUTH_1'}, Tag{name='workloadType', value='OPERATIONAL'}]}, electionId=null, setVersion=149, topologyVersion=TopologyVersion{processId=6752e99712c504aca8fdd8d5, counter=4}, lastWriteDate=Sun Dec 15 18:18:27 IST 2024, lastUpdateTimeNanos=8601453449600}
2024-12-15T18:18:28.674+05:30  INFO 7296 --- [ngodb.net:27017] org.mongodb.driver.cluster               : Monitor thread successfully connected to server with description ServerDescription{address=cluster0-shard-00-02.vtt2z.mongodb.net:27017, type=REPLICA_SET_PRIMARY, state=CONNECTED, ok=true, minWireVersion=0, maxWireVersion=25, maxDocumentSize=16777216, logicalSessionTimeoutMinutes=30, roundTripTimeNanos=1225734600, setName='atlas-6d14sr-shard-0', canonicalAddress=cluster0-shard-00-02.vtt2z.mongodb.net:27017, hosts=[cluster0-shard-00-02.vtt2z.mongodb.net:27017, cluster0-shard-00-01.vtt2z.mongodb.net:27017, cluster0-shard-00-00.vtt2z.mongodb.net:27017], passives=[], arbiters=[], primary='cluster0-shard-00-02.vtt2z.mongodb.net:27017', tagSet=TagSet{[Tag{name='availabilityZone', value='aps1-az2'}, Tag{name='diskState', value='READY'}, Tag{name='nodeType', value='ELECTABLE'}, Tag{name='provider', value='AWS'}, Tag{name='region', value='AP_SOUTH_1'}, Tag{name='workloadType', value='OPERATIONAL'}]}, electionId=7fffffff0000000000000193, setVersion=149, topologyVersion=TopologyVersion{processId=6752e8bcef44614e58e219bc, counter=6}, lastWriteDate=Sun Dec 15 18:18:27 IST 2024, lastUpdateTimeNanos=8601427914300}
2024-12-15T18:18:28.674+05:30  INFO 7296 --- [ngodb.net:27017] org.mongodb.driver.cluster               : Monitor thread successfully connected to server with description ServerDescription{address=cluster0-shard-00-01.vtt2z.mongodb.net:27017, type=REPLICA_SET_SECONDARY, state=CONNECTED, ok=true, minWireVersion=0, maxWireVersion=25, maxDocumentSize=16777216, logicalSessionTimeoutMinutes=30, roundTripTimeNanos=1236184499, setName='atlas-6d14sr-shard-0', canonicalAddress=cluster0-shard-00-01.vtt2z.mongodb.net:27017, hosts=[cluster0-shard-00-02.vtt2z.mongodb.net:27017, cluster0-shard-00-01.vtt2z.mongodb.net:27017, cluster0-shard-00-00.vtt2z.mongodb.net:27017], passives=[], arbiters=[], primary='cluster0-shard-00-02.vtt2z.mongodb.net:27017', tagSet=TagSet{[Tag{name='availabilityZone', value='aps1-az3'}, Tag{name='diskState', value='READY'}, Tag{name='nodeType', value='ELECTABLE'}, Tag{name='provider', value='AWS'}, Tag{name='region', value='AP_SOUTH_1'}, Tag{name='workloadType', value='OPERATIONAL'}]}, electionId=null, setVersion=149, topologyVersion=TopologyVersion{processId=6752eb307bba8578a3bb7a56, counter=3}, lastWriteDate=Sun Dec 15 18:18:27 IST 2024, lastUpdateTimeNanos=8601429258400}
2024-12-15T18:18:28.688+05:30  INFO 7296 --- [ngodb.net:27017] org.mongodb.driver.cluster               : Discovered replica set primary cluster0-shard-00-02.vtt2z.mongodb.net:27017 with max election id 7fffffff0000000000000193 and max set version 149
2024-12-15T18:18:29.424+05:30  INFO 7296 --- [           main] o.s.s.web.DefaultSecurityFilterChain     : Will secure any request with [org.springframework.security.web.session.DisableEncodeUrlFilter@1da745a2, org.springframework.security.web.context.request.async.WebAsyncManagerIntegrationFilter@4597e6e3, org.springframework.security.web.context.SecurityContextHolderFilter@3335afcf, org.springframework.security.web.header.HeaderWriterFilter@1669931a, org.springframework.web.filter.CorsFilter@41ece227, org.springframework.security.web.authentication.logout.LogoutFilter@7d522180, com.ubedpathan.TodoApp.filter.JwtFilter@5e3d2765, org.springframework.security.web.savedrequest.RequestCacheAwareFilter@2499b971, org.springframework.security.web.servletapi.SecurityContextHolderAwareRequestFilter@58739e5e, org.springframework.security.web.authentication.AnonymousAuthenticationFilter@7910f355, org.springframework.security.web.access.ExceptionTranslationFilter@faec277, org.springframework.security.web.access.intercept.AuthorizationFilter@316d30ad]
2024-12-15T18:18:30.251+05:30  INFO 7296 --- [           main] c.u.TodoApp.TodoAppApplicationTests      : Started TodoAppApplicationTests in 9.557 seconds (process running for 12.242)
]]></system-out>
  </testcase>
</testsuite>